2026-06-19 19:59:11 - app.crud - ERROR - [crud.py:35] - Error retrieving user: (sqlite3.OperationalError) no such column: user.monthly_salary
[SQL: SELECT user.id AS user_id, user.email AS user_email, user.hashed_password AS user_hashed_password, user.full_name AS user_full_name, user.monthly_salary AS user_monthly_salary, user.created_at AS user_created_at 
FROM user 
WHERE user.id = ?]
[parameters: (4,)]
(Background on this error at: https://sqlalche.me/e/20/e3q8)
2026-06-19 19:59:11 - app.main - ERROR - [main.py:168] - Error fetching user profile: (sqlite3.OperationalError) no such column: user.monthly_salary
[SQL: SELECT user.id AS user_id, user.email AS user_email, user.hashed_password AS user_hashed_password, user.full_name AS user_full_name, user.monthly_salary AS user_monthly_salary, user.created_at AS user_created_at 
FROM user 
WHERE user.id = ?]
[parameters: (4,)]
(Background on this error at: https://sqlalche.me/e/20/e3q8)
2026-06-19 19:59:11 - app.crud - ERROR - [crud.py:35] - Error retrieving user: (sqlite3.OperationalError) no such column: user.monthly_salary
[SQL: SELECT user.id AS user_id, user.email AS user_email, user.hashed_password AS user_hashed_password, user.full_name AS user_full_name, user.monthly_salary AS user_monthly_salary, user.created_at AS user_created_at 
FROM user 
WHERE user.id = ?]
[parameters: (4,)]
(Background on this error at: https://sqlalche.me/e/20/e3q8)
2026-06-19 19:59:11 - app.main - ERROR - [main.py:533] - HTTP Exception: 500 - Failed to fetch user profile
2026-06-19 19:59:11 - app.main - ERROR - [main.py:262] - Error fetching expenses: (sqlite3.OperationalError) no such column: user.monthly_salary
[SQL: SELECT user.id AS user_id, user.email AS user_email, user.hashed_password AS user_hashed_password, user.full_name AS user_full_name, user.monthly_salary AS user_monthly_salary, user.created_at AS user_created_at 
FROM user 
WHERE user.id = ?]
[parameters: (4,)]
(Background on this error at: https://sqlalche.me/e/20/e3q8)
2026-06-19 19:59:11 - app.database - ERROR - [database.py:56] - Database session error: 500: Failed to fetch expenses
2026-06-19 19:59:11 - app.main - ERROR - [main.py:533] - HTTP Exception: 500 - Failed to fetch expenses
2026-06-19 19:59:11 - app.crud - ERROR - [crud.py:35] - Error retrieving user: (sqlite3.OperationalError) no such column: user.monthly_salary
[SQL: SELECT user.id AS user_id, user.email AS user_email, user.hashed_password AS user_hashed_password, user.full_name AS user_full_name, user.monthly_salary AS user_monthly_salary, user.created_at AS user_created_at 
FROM user 
WHERE user.id = ?]
[parameters: (4,)]
(Background on this error at: https://sqlalche.me/e/20/e3q8)
2026-06-19 19:59:11 - app.main - ERROR - [main.py:262] - Error fetching expenses: (sqlite3.OperationalError) no such column: user.monthly_salary
[SQL: SELECT user.id AS user_id, user.email AS user_email, user.hashed_password AS user_hashed_password, user.full_name AS user_full_name, user.monthly_salary AS user_monthly_salary, user.created_at AS user_created_at 
FROM user 
WHERE user.id = ?]
[parameters: (4,)]
(Background on this error at: https://sqlalche.me/e/20/e3q8)
2026-06-19 19:59:11 - app.database - ERROR - [database.py:56] - Database session error: 500: Failed to fetch expenses
2026-06-19 19:59:11 - app.main - ERROR - [main.py:533] - HTTP Exception: 500 - Failed to fetch expenses
2026-06-19 19:59:28 - app.crud - ERROR - [crud.py:35] - Error retrieving user: (sqlite3.OperationalError) no such column: user.monthly_salary
[SQL: SELECT user.id AS user_id, user.email AS user_email, user.hashed_password AS user_hashed_password, user.full_name AS user_full_name, user.monthly_salary AS user_monthly_salary, user.created_at AS user_created_at 
FROM user 
WHERE user.id = ?]
[parameters: (4,)]
(Background on this error at: https://sqlalche.me/e/20/e3q8)
2026-06-19 19:59:28 - app.main - ERROR - [main.py:168] - Error fetching user profile: (sqlite3.OperationalError) no such column: user.monthly_salary
[SQL: SELECT user.id AS user_id, user.email AS user_email, user.hashed_password AS user_hashed_password, user.full_name AS user_full_name, user.monthly_salary AS user_monthly_salary, user.created_at AS user_created_at 
FROM user 
WHERE user.id = ?]
[parameters: (4,)]
(Background on this error at: https://sqlalche.me/e/20/e3q8)
2026-06-19 19:59:28 - app.main - ERROR - [main.py:533] - HTTP Exception: 500 - Failed to fetch user profile
2026-06-19 19:59:28 - app.crud - ERROR - [crud.py:35] - Error retrieving user: (sqlite3.OperationalError) no such column: user.monthly_salary
[SQL: SELECT user.id AS user_id, user.email AS user_email, user.hashed_password AS user_hashed_password, user.full_name AS user_full_name, user.monthly_salary AS user_monthly_salary, user.created_at AS user_created_at 
FROM user 
WHERE user.id = ?]
[parameters: (4,)]
(Background on this error at: https://sqlalche.me/e/20/e3q8)
2026-06-19 19:59:28 - app.main - ERROR - [main.py:262] - Error fetching expenses: (sqlite3.OperationalError) no such column: user.monthly_salary
[SQL: SELECT user.id AS user_id, user.email AS user_email, user.hashed_password AS user_hashed_password, user.full_name AS user_full_name, user.monthly_salary AS user_monthly_salary, user.created_at AS user_created_at 
FROM user 
WHERE user.id = ?]
[parameters: (4,)]
(Background on this error at: https://sqlalche.me/e/20/e3q8)
2026-06-19 19:59:28 - app.database - ERROR - [database.py:56] - Database session error: 500: Failed to fetch expenses
2026-06-19 19:59:28 - app.main - ERROR - [main.py:533] - HTTP Exception: 500 - Failed to fetch expenses
2026-06-19 19:59:28 - app.crud - ERROR - [crud.py:35] - Error retrieving user: (sqlite3.OperationalError) no such column: user.monthly_salary
[SQL: SELECT user.id AS user_id, user.email AS user_email, user.hashed_password AS user_hashed_password, user.full_name AS user_full_name, user.monthly_salary AS user_monthly_salary, user.created_at AS user_created_at 
FROM user 
WHERE user.id = ?]
[parameters: (4,)]
(Background on this error at: https://sqlalche.me/e/20/e3q8)
2026-06-19 19:59:28 - app.main - ERROR - [main.py:262] - Error fetching expenses: (sqlite3.OperationalError) no such column: user.monthly_salary
[SQL: SELECT user.id AS user_id, user.email AS user_email, user.hashed_password AS user_hashed_password, user.full_name AS user_full_name, user.monthly_salary AS user_monthly_salary, user.created_at AS user_created_at 
FROM user 
WHERE user.id = ?]
[parameters: (4,)]
(Background on this error at: https://sqlalche.me/e/20/e3q8)
2026-06-19 19:59:28 - app.database - ERROR - [database.py:56] - Database session error: 500: Failed to fetch expenses
2026-06-19 19:59:28 - app.main - ERROR - [main.py:533] - HTTP Exception: 500 - Failed to fetch expenses
2026-06-19 19:59:35 - app.crud - ERROR - [crud.py:35] - Error retrieving user: (sqlite3.OperationalError) no such column: user.monthly_salary
[SQL: SELECT user.id AS user_id, user.email AS user_email, user.hashed_password AS user_hashed_password, user.full_name AS user_full_name, user.monthly_salary AS user_monthly_salary, user.created_at AS user_created_at 
FROM user 
WHERE user.id = ?]
[parameters: (4,)]
(Background on this error at: https://sqlalche.me/e/20/e3q8)
2026-06-19 19:59:35 - app.main - ERROR - [main.py:168] - Error fetching user profile: (sqlite3.OperationalError) no such column: user.monthly_salary
[SQL: SELECT user.id AS user_id, user.email AS user_email, user.hashed_password AS user_hashed_password, user.full_name AS user_full_name, user.monthly_salary AS user_monthly_salary, user.created_at AS user_created_at 
FROM user 
WHERE user.id = ?]
[parameters: (4,)]
(Background on this error at: https://sqlalche.me/e/20/e3q8)
2026-06-19 19:59:35 - app.main - ERROR - [main.py:533] - HTTP Exception: 500 - Failed to fetch user profile
2026-06-19 19:59:35 - app.crud - ERROR - [crud.py:35] - Error retrieving user: (sqlite3.OperationalError) no such column: user.monthly_salary
[SQL: SELECT user.id AS user_id, user.email AS user_email, user.hashed_password AS user_hashed_password, user.full_name AS user_full_name, user.monthly_salary AS user_monthly_salary, user.created_at AS user_created_at 
FROM user 
WHERE user.id = ?]
[parameters: (4,)]
(Background on this error at: https://sqlalche.me/e/20/e3q8)
2026-06-19 19:59:35 - app.main - ERROR - [main.py:262] - Error fetching expenses: (sqlite3.OperationalError) no such column: user.monthly_salary
[SQL: SELECT user.id AS user_id, user.email AS user_email, user.hashed_password AS user_hashed_password, user.full_name AS user_full_name, user.monthly_salary AS user_monthly_salary, user.created_at AS user_created_at 
FROM user 
WHERE user.id = ?]
[parameters: (4,)]
(Background on this error at: https://sqlalche.me/e/20/e3q8)
2026-06-19 19:59:35 - app.database - ERROR - [database.py:56] - Database session error: 500: Failed to fetch expenses
2026-06-19 19:59:35 - app.main - ERROR - [main.py:533] - HTTP Exception: 500 - Failed to fetch expenses
2026-06-19 19:59:35 - app.crud - ERROR - [crud.py:35] - Error retrieving user: (sqlite3.OperationalError) no such column: user.monthly_salary
[SQL: SELECT user.id AS user_id, user.email AS user_email, user.hashed_password AS user_hashed_password, user.full_name AS user_full_name, user.monthly_salary AS user_monthly_salary, user.created_at AS user_created_at 
FROM user 
WHERE user.id = ?]
[parameters: (4,)]
(Background on this error at: https://sqlalche.me/e/20/e3q8)
2026-06-19 19:59:35 - app.main - ERROR - [main.py:262] - Error fetching expenses: (sqlite3.OperationalError) no such column: user.monthly_salary
[SQL: SELECT user.id AS user_id, user.email AS user_email, user.hashed_password AS user_hashed_password, user.full_name AS user_full_name, user.monthly_salary AS user_monthly_salary, user.created_at AS user_created_at 
FROM user 
WHERE user.id = ?]
[parameters: (4,)]
(Background on this error at: https://sqlalche.me/e/20/e3q8)
2026-06-19 19:59:35 - app.database - ERROR - [database.py:56] - Database session error: 500: Failed to fetch expenses
2026-06-19 19:59:35 - app.main - ERROR - [main.py:533] - HTTP Exception: 500 - Failed to fetch expenses
2026-06-19 19:59:50 - app.crud - ERROR - [crud.py:35] - Error retrieving user: (sqlite3.OperationalError) no such column: user.monthly_salary
[SQL: SELECT user.id AS user_id, user.email AS user_email, user.hashed_password AS user_hashed_password, user.full_name AS user_full_name, user.monthly_salary AS user_monthly_salary, user.created_at AS user_created_at 
FROM user 
WHERE user.id = ?]
[parameters: (4,)]
(Background on this error at: https://sqlalche.me/e/20/e3q8)
2026-06-19 19:59:50 - app.main - ERROR - [main.py:168] - Error fetching user profile: (sqlite3.OperationalError) no such column: user.monthly_salary
[SQL: SELECT user.id AS user_id, user.email AS user_email, user.hashed_password AS user_hashed_password, user.full_name AS user_full_name, user.monthly_salary AS user_monthly_salary, user.created_at AS user_created_at 
FROM user 
WHERE user.id = ?]
[parameters: (4,)]
(Background on this error at: https://sqlalche.me/e/20/e3q8)
2026-06-19 19:59:50 - app.main - ERROR - [main.py:533] - HTTP Exception: 500 - Failed to fetch user profile
2026-06-19 19:59:50 - app.crud - ERROR - [crud.py:35] - Error retrieving user: (sqlite3.OperationalError) no such column: user.monthly_salary
[SQL: SELECT user.id AS user_id, user.email AS user_email, user.hashed_password AS user_hashed_password, user.full_name AS user_full_name, user.monthly_salary AS user_monthly_salary, user.created_at AS user_created_at 
FROM user 
WHERE user.id = ?]
[parameters: (4,)]
(Background on this error at: https://sqlalche.me/e/20/e3q8)
2026-06-19 19:59:50 - app.main - ERROR - [main.py:262] - Error fetching expenses: (sqlite3.OperationalError) no such column: user.monthly_salary
[SQL: SELECT user.id AS user_id, user.email AS user_email, user.hashed_password AS user_hashed_password, user.full_name AS user_full_name, user.monthly_salary AS user_monthly_salary, user.created_at AS user_created_at 
FROM user 
WHERE user.id = ?]
[parameters: (4,)]
(Background on this error at: https://sqlalche.me/e/20/e3q8)
2026-06-19 19:59:50 - app.database - ERROR - [database.py:56] - Database session error: 500: Failed to fetch expenses
2026-06-19 19:59:50 - app.main - ERROR - [main.py:533] - HTTP Exception: 500 - Failed to fetch expenses
2026-06-19 19:59:50 - app.crud - ERROR - [crud.py:35] - Error retrieving user: (sqlite3.OperationalError) no such column: user.monthly_salary
[SQL: SELECT user.id AS user_id, user.email AS user_email, user.hashed_password AS user_hashed_password, user.full_name AS user_full_name, user.monthly_salary AS user_monthly_salary, user.created_at AS user_created_at 
FROM user 
WHERE user.id = ?]
[parameters: (4,)]
(Background on this error at: https://sqlalche.me/e/20/e3q8)
2026-06-19 19:59:50 - app.main - ERROR - [main.py:262] - Error fetching expenses: (sqlite3.OperationalError) no such column: user.monthly_salary
[SQL: SELECT user.id AS user_id, user.email AS user_email, user.hashed_password AS user_hashed_password, user.full_name AS user_full_name, user.monthly_salary AS user_monthly_salary, user.created_at AS user_created_at 
FROM user 
WHERE user.id = ?]
[parameters: (4,)]
(Background on this error at: https://sqlalche.me/e/20/e3q8)
2026-06-19 19:59:50 - app.database - ERROR - [database.py:56] - Database session error: 500: Failed to fetch expenses
2026-06-19 19:59:50 - app.main - ERROR - [main.py:533] - HTTP Exception: 500 - Failed to fetch expenses
2026-06-19 19:59:55 - app.crud - ERROR - [crud.py:35] - Error retrieving user: (sqlite3.OperationalError) no such column: user.monthly_salary
[SQL: SELECT user.id AS user_id, user.email AS user_email, user.hashed_password AS user_hashed_password, user.full_name AS user_full_name, user.monthly_salary AS user_monthly_salary, user.created_at AS user_created_at 
FROM user 
WHERE user.id = ?]
[parameters: (4,)]
(Background on this error at: https://sqlalche.me/e/20/e3q8)
2026-06-19 19:59:55 - app.main - ERROR - [main.py:168] - Error fetching user profile: (sqlite3.OperationalError) no such column: user.monthly_salary
[SQL: SELECT user.id AS user_id, user.email AS user_email, user.hashed_password AS user_hashed_password, user.full_name AS user_full_name, user.monthly_salary AS user_monthly_salary, user.created_at AS user_created_at 
FROM user 
WHERE user.id = ?]
[parameters: (4,)]
(Background on this error at: https://sqlalche.me/e/20/e3q8)
2026-06-19 19:59:55 - app.main - ERROR - [main.py:533] - HTTP Exception: 500 - Failed to fetch user profile
2026-06-19 19:59:55 - app.crud - ERROR - [crud.py:35] - Error retrieving user: (sqlite3.OperationalError) no such column: user.monthly_salary
[SQL: SELECT user.id AS user_id, user.email AS user_email, user.hashed_password AS user_hashed_password, user.full_name AS user_full_name, user.monthly_salary AS user_monthly_salary, user.created_at AS user_created_at 
FROM user 
WHERE user.id = ?]
[parameters: (4,)]
(Background on this error at: https://sqlalche.me/e/20/e3q8)
2026-06-19 19:59:55 - app.main - ERROR - [main.py:262] - Error fetching expenses: (sqlite3.OperationalError) no such column: user.monthly_salary
[SQL: SELECT user.id AS user_id, user.email AS user_email, user.hashed_password AS user_hashed_password, user.full_name AS user_full_name, user.monthly_salary AS user_monthly_salary, user.created_at AS user_created_at 
FROM user 
WHERE user.id = ?]
[parameters: (4,)]
(Background on this error at: https://sqlalche.me/e/20/e3q8)
2026-06-19 19:59:55 - app.database - ERROR - [database.py:56] - Database session error: 500: Failed to fetch expenses
2026-06-19 19:59:55 - app.main - ERROR - [main.py:533] - HTTP Exception: 500 - Failed to fetch expenses
2026-06-19 19:59:55 - app.crud - ERROR - [crud.py:35] - Error retrieving user: (sqlite3.OperationalError) no such column: user.monthly_salary
[SQL: SELECT user.id AS user_id, user.email AS user_email, user.hashed_password AS user_hashed_password, user.full_name AS user_full_name, user.monthly_salary AS user_monthly_salary, user.created_at AS user_created_at 
FROM user 
WHERE user.id = ?]
[parameters: (4,)]
(Background on this error at: https://sqlalche.me/e/20/e3q8)
2026-06-19 19:59:55 - app.main - ERROR - [main.py:262] - Error fetching expenses: (sqlite3.OperationalError) no such column: user.monthly_salary
[SQL: SELECT user.id AS user_id, user.email AS user_email, user.hashed_password AS user_hashed_password, user.full_name AS user_full_name, user.monthly_salary AS user_monthly_salary, user.created_at AS user_created_at 
FROM user 
WHERE user.id = ?]
[parameters: (4,)]
(Background on this error at: https://sqlalche.me/e/20/e3q8)
2026-06-19 19:59:55 - app.database - ERROR - [database.py:56] - Database session error: 500: Failed to fetch expenses
2026-06-19 19:59:55 - app.main - ERROR - [main.py:533] - HTTP Exception: 500 - Failed to fetch expenses
2026-06-19 20:00:34 - app.crud - ERROR - [crud.py:35] - Error retrieving user: (sqlite3.OperationalError) no such column: user.monthly_salary
[SQL: SELECT user.id AS user_id, user.email AS user_email, user.hashed_password AS user_hashed_password, user.full_name AS user_full_name, user.monthly_salary AS user_monthly_salary, user.created_at AS user_created_at 
FROM user 
WHERE user.id = ?]
[parameters: (4,)]
(Background on this error at: https://sqlalche.me/e/20/e3q8)
2026-06-19 20:00:34 - app.main - ERROR - [main.py:262] - Error fetching expenses: (sqlite3.OperationalError) no such column: user.monthly_salary
[SQL: SELECT user.id AS user_id, user.email AS user_email, user.hashed_password AS user_hashed_password, user.full_name AS user_full_name, user.monthly_salary AS user_monthly_salary, user.created_at AS user_created_at 
FROM user 
WHERE user.id = ?]
[parameters: (4,)]
(Background on this error at: https://sqlalche.me/e/20/e3q8)
2026-06-19 20:00:34 - app.crud - ERROR - [crud.py:35] - Error retrieving user: (sqlite3.OperationalError) no such column: user.monthly_salary
[SQL: SELECT user.id AS user_id, user.email AS user_email, user.hashed_password AS user_hashed_password, user.full_name AS user_full_name, user.monthly_salary AS user_monthly_salary, user.created_at AS user_created_at 
FROM user 
WHERE user.id = ?]
[parameters: (4,)]
(Background on this error at: https://sqlalche.me/e/20/e3q8)
2026-06-19 20:00:34 - app.main - ERROR - [main.py:168] - Error fetching user profile: (sqlite3.OperationalError) no such column: user.monthly_salary
[SQL: SELECT user.id AS user_id, user.email AS user_email, user.hashed_password AS user_hashed_password, user.full_name AS user_full_name, user.monthly_salary AS user_monthly_salary, user.created_at AS user_created_at 
FROM user 
WHERE user.id = ?]
[parameters: (4,)]
(Background on this error at: https://sqlalche.me/e/20/e3q8)
2026-06-19 20:00:34 - app.database - ERROR - [database.py:56] - Database session error: 500: Failed to fetch expenses
2026-06-19 20:00:34 - app.main - ERROR - [main.py:533] - HTTP Exception: 500 - Failed to fetch user profile
2026-06-19 20:00:34 - app.main - ERROR - [main.py:533] - HTTP Exception: 500 - Failed to fetch expenses
2026-06-19 20:00:34 - app.crud - ERROR - [crud.py:35] - Error retrieving user: (sqlite3.OperationalError) no such column: user.monthly_salary
[SQL: SELECT user.id AS user_id, user.email AS user_email, user.hashed_password AS user_hashed_password, user.full_name AS user_full_name, user.monthly_salary AS user_monthly_salary, user.created_at AS user_created_at 
FROM user 
WHERE user.id = ?]
[parameters: (4,)]
(Background on this error at: https://sqlalche.me/e/20/e3q8)
2026-06-19 20:00:34 - app.main - ERROR - [main.py:262] - Error fetching expenses: (sqlite3.OperationalError) no such column: user.monthly_salary
[SQL: SELECT user.id AS user_id, user.email AS user_email, user.hashed_password AS user_hashed_password, user.full_name AS user_full_name, user.monthly_salary AS user_monthly_salary, user.created_at AS user_created_at 
FROM user 
WHERE user.id = ?]
[parameters: (4,)]
(Background on this error at: https://sqlalche.me/e/20/e3q8)
2026-06-19 20:00:34 - app.database - ERROR - [database.py:56] - Database session error: 500: Failed to fetch expenses
2026-06-19 20:00:34 - app.main - ERROR - [main.py:533] - HTTP Exception: 500 - Failed to fetch expenses
2026-06-19 20:04:24 - app.crud - ERROR - [crud.py:35] - Error retrieving user: (sqlite3.OperationalError) no such column: user.monthly_salary
[SQL: SELECT user.id AS user_id, user.email AS user_email, user.hashed_password AS user_hashed_password, user.full_name AS user_full_name, user.monthly_salary AS user_monthly_salary, user.created_at AS user_created_at 
FROM user 
WHERE user.id = ?]
[parameters: (4,)]
(Background on this error at: https://sqlalche.me/e/20/e3q8)
2026-06-19 20:04:25 - app.main - ERROR - [main.py:168] - Error fetching user profile: (sqlite3.OperationalError) no such column: user.monthly_salary
[SQL: SELECT user.id AS user_id, user.email AS user_email, user.hashed_password AS user_hashed_password, user.full_name AS user_full_name, user.monthly_salary AS user_monthly_salary, user.created_at AS user_created_at 
FROM user 
WHERE user.id = ?]
[parameters: (4,)]
(Background on this error at: https://sqlalche.me/e/20/e3q8)
2026-06-19 20:04:25 - app.crud - ERROR - [crud.py:35] - Error retrieving user: (sqlite3.OperationalError) no such column: user.monthly_salary
[SQL: SELECT user.id AS user_id, user.email AS user_email, user.hashed_password AS user_hashed_password, user.full_name AS user_full_name, user.monthly_salary AS user_monthly_salary, user.created_at AS user_created_at 
FROM user 
WHERE user.id = ?]
[parameters: (4,)]
(Background on this error at: https://sqlalche.me/e/20/e3q8)
2026-06-19 20:04:25 - app.main - ERROR - [main.py:533] - HTTP Exception: 500 - Failed to fetch user profile
2026-06-19 20:04:25 - app.main - ERROR - [main.py:262] - Error fetching expenses: (sqlite3.OperationalError) no such column: user.monthly_salary
[SQL: SELECT user.id AS user_id, user.email AS user_email, user.hashed_password AS user_hashed_password, user.full_name AS user_full_name, user.monthly_salary AS user_monthly_salary, user.created_at AS user_created_at 
FROM user 
WHERE user.id = ?]
[parameters: (4,)]
(Background on this error at: https://sqlalche.me/e/20/e3q8)
2026-06-19 20:04:25 - app.database - ERROR - [database.py:56] - Database session error: 500: Failed to fetch expenses
2026-06-19 20:04:25 - app.main - ERROR - [main.py:533] - HTTP Exception: 500 - Failed to fetch expenses
2026-06-19 20:04:25 - app.crud - ERROR - [crud.py:35] - Error retrieving user: (sqlite3.OperationalError) no such column: user.monthly_salary
[SQL: SELECT user.id AS user_id, user.email AS user_email, user.hashed_password AS user_hashed_password, user.full_name AS user_full_name, user.monthly_salary AS user_monthly_salary, user.created_at AS user_created_at 
FROM user 
WHERE user.id = ?]
[parameters: (4,)]
(Background on this error at: https://sqlalche.me/e/20/e3q8)
2026-06-19 20:04:25 - app.main - ERROR - [main.py:262] - Error fetching expenses: (sqlite3.OperationalError) no such column: user.monthly_salary
[SQL: SELECT user.id AS user_id, user.email AS user_email, user.hashed_password AS user_hashed_password, user.full_name AS user_full_name, user.monthly_salary AS user_monthly_salary, user.created_at AS user_created_at 
FROM user 
WHERE user.id = ?]
[parameters: (4,)]
(Background on this error at: https://sqlalche.me/e/20/e3q8)
2026-06-19 20:04:25 - app.database - ERROR - [database.py:56] - Database session error: 500: Failed to fetch expenses
2026-06-19 20:04:25 - app.main - ERROR - [main.py:533] - HTTP Exception: 500 - Failed to fetch expenses
2026-06-19 20:04:25 - app.crud - ERROR - [crud.py:35] - Error retrieving user: (sqlite3.OperationalError) no such column: user.monthly_salary
[SQL: SELECT user.id AS user_id, user.email AS user_email, user.hashed_password AS user_hashed_password, user.full_name AS user_full_name, user.monthly_salary AS user_monthly_salary, user.created_at AS user_created_at 
FROM user 
WHERE user.id = ?]
[parameters: (4,)]
(Background on this error at: https://sqlalche.me/e/20/e3q8)
2026-06-19 20:04:25 - app.main - ERROR - [main.py:168] - Error fetching user profile: (sqlite3.OperationalError) no such column: user.monthly_salary
[SQL: SELECT user.id AS user_id, user.email AS user_email, user.hashed_password AS user_hashed_password, user.full_name AS user_full_name, user.monthly_salary AS user_monthly_salary, user.created_at AS user_created_at 
FROM user 
WHERE user.id = ?]
[parameters: (4,)]
(Background on this error at: https://sqlalche.me/e/20/e3q8)
2026-06-19 20:04:25 - app.crud - ERROR - [crud.py:35] - Error retrieving user: (sqlite3.OperationalError) no such column: user.monthly_salary
[SQL: SELECT user.id AS user_id, user.email AS user_email, user.hashed_password AS user_hashed_password, user.full_name AS user_full_name, user.monthly_salary AS user_monthly_salary, user.created_at AS user_created_at 
FROM user 
WHERE user.id = ?]
[parameters: (4,)]
(Background on this error at: https://sqlalche.me/e/20/e3q8)
2026-06-19 20:04:25 - app.main - ERROR - [main.py:533] - HTTP Exception: 500 - Failed to fetch user profile
2026-06-19 20:04:25 - app.main - ERROR - [main.py:262] - Error fetching expenses: (sqlite3.OperationalError) no such column: user.monthly_salary
[SQL: SELECT user.id AS user_id, user.email AS user_email, user.hashed_password AS user_hashed_password, user.full_name AS user_full_name, user.monthly_salary AS user_monthly_salary, user.created_at AS user_created_at 
FROM user 
WHERE user.id = ?]
[parameters: (4,)]
(Background on this error at: https://sqlalche.me/e/20/e3q8)
2026-06-19 20:04:25 - app.database - ERROR - [database.py:56] - Database session error: 500: Failed to fetch expenses
2026-06-19 20:04:25 - app.main - ERROR - [main.py:533] - HTTP Exception: 500 - Failed to fetch expenses
2026-06-19 20:04:26 - app.crud - ERROR - [crud.py:35] - Error retrieving user: (sqlite3.OperationalError) no such column: user.monthly_salary
[SQL: SELECT user.id AS user_id, user.email AS user_email, user.hashed_password AS user_hashed_password, user.full_name AS user_full_name, user.monthly_salary AS user_monthly_salary, user.created_at AS user_created_at 
FROM user 
WHERE user.id = ?]
[parameters: (4,)]
(Background on this error at: https://sqlalche.me/e/20/e3q8)
2026-06-19 20:04:26 - app.main - ERROR - [main.py:262] - Error fetching expenses: (sqlite3.OperationalError) no such column: user.monthly_salary
[SQL: SELECT user.id AS user_id, user.email AS user_email, user.hashed_password AS user_hashed_password, user.full_name AS user_full_name, user.monthly_salary AS user_monthly_salary, user.created_at AS user_created_at 
FROM user 
WHERE user.id = ?]
[parameters: (4,)]
(Background on this error at: https://sqlalche.me/e/20/e3q8)
2026-06-19 20:04:26 - app.database - ERROR - [database.py:56] - Database session error: 500: Failed to fetch expenses
2026-06-19 20:04:26 - app.main - ERROR - [main.py:533] - HTTP Exception: 500 - Failed to fetch expenses
2026-06-19 20:04:26 - app.crud - ERROR - [crud.py:35] - Error retrieving user: (sqlite3.OperationalError) no such column: user.monthly_salary
[SQL: SELECT user.id AS user_id, user.email AS user_email, user.hashed_password AS user_hashed_password, user.full_name AS user_full_name, user.monthly_salary AS user_monthly_salary, user.created_at AS user_created_at 
FROM user 
WHERE user.id = ?]
[parameters: (4,)]
(Background on this error at: https://sqlalche.me/e/20/e3q8)
2026-06-19 20:04:26 - app.crud - ERROR - [crud.py:35] - Error retrieving user: (sqlite3.OperationalError) no such column: user.monthly_salary
[SQL: SELECT user.id AS user_id, user.email AS user_email, user.hashed_password AS user_hashed_password, user.full_name AS user_full_name, user.monthly_salary AS user_monthly_salary, user.created_at AS user_created_at 
FROM user 
WHERE user.id = ?]
[parameters: (4,)]
(Background on this error at: https://sqlalche.me/e/20/e3q8)
2026-06-19 20:04:26 - app.main - ERROR - [main.py:168] - Error fetching user profile: (sqlite3.OperationalError) no such column: user.monthly_salary
[SQL: SELECT user.id AS user_id, user.email AS user_email, user.hashed_password AS user_hashed_password, user.full_name AS user_full_name, user.monthly_salary AS user_monthly_salary, user.created_at AS user_created_at 
FROM user 
WHERE user.id = ?]
[parameters: (4,)]
(Background on this error at: https://sqlalche.me/e/20/e3q8)
2026-06-19 20:04:26 - app.main - ERROR - [main.py:262] - Error fetching expenses: (sqlite3.OperationalError) no such column: user.monthly_salary
[SQL: SELECT user.id AS user_id, user.email AS user_email, user.hashed_password AS user_hashed_password, user.full_name AS user_full_name, user.monthly_salary AS user_monthly_salary, user.created_at AS user_created_at 
FROM user 
WHERE user.id = ?]
[parameters: (4,)]
(Background on this error at: https://sqlalche.me/e/20/e3q8)
2026-06-19 20:04:26 - app.main - ERROR - [main.py:533] - HTTP Exception: 500 - Failed to fetch user profile
2026-06-19 20:04:26 - app.database - ERROR - [database.py:56] - Database session error: 500: Failed to fetch expenses
2026-06-19 20:04:26 - app.main - ERROR - [main.py:533] - HTTP Exception: 500 - Failed to fetch expenses
2026-06-19 20:04:26 - app.crud - ERROR - [crud.py:35] - Error retrieving user: (sqlite3.OperationalError) no such column: user.monthly_salary
[SQL: SELECT user.id AS user_id, user.email AS user_email, user.hashed_password AS user_hashed_password, user.full_name AS user_full_name, user.monthly_salary AS user_monthly_salary, user.created_at AS user_created_at 
FROM user 
WHERE user.id = ?]
[parameters: (4,)]
(Background on this error at: https://sqlalche.me/e/20/e3q8)
2026-06-19 20:04:26 - app.main - ERROR - [main.py:262] - Error fetching expenses: (sqlite3.OperationalError) no such column: user.monthly_salary
[SQL: SELECT user.id AS user_id, user.email AS user_email, user.hashed_password AS user_hashed_password, user.full_name AS user_full_name, user.monthly_salary AS user_monthly_salary, user.created_at AS user_created_at 
FROM user 
WHERE user.id = ?]
[parameters: (4,)]
(Background on this error at: https://sqlalche.me/e/20/e3q8)
2026-06-19 20:04:26 - app.database - ERROR - [database.py:56] - Database session error: 500: Failed to fetch expenses
2026-06-19 20:04:26 - app.main - ERROR - [main.py:533] - HTTP Exception: 500 - Failed to fetch expenses
2026-06-19 20:04:26 - app.crud - ERROR - [crud.py:35] - Error retrieving user: (sqlite3.OperationalError) no such column: user.monthly_salary
[SQL: SELECT user.id AS user_id, user.email AS user_email, user.hashed_password AS user_hashed_password, user.full_name AS user_full_name, user.monthly_salary AS user_monthly_salary, user.created_at AS user_created_at 
FROM user 
WHERE user.id = ?]
[parameters: (4,)]
(Background on this error at: https://sqlalche.me/e/20/e3q8)
2026-06-19 20:04:26 - app.crud - ERROR - [crud.py:35] - Error retrieving user: (sqlite3.OperationalError) no such column: user.monthly_salary
[SQL: SELECT user.id AS user_id, user.email AS user_email, user.hashed_password AS user_hashed_password, user.full_name AS user_full_name, user.monthly_salary AS user_monthly_salary, user.created_at AS user_created_at 
FROM user 
WHERE user.id = ?]
[parameters: (4,)]
(Background on this error at: https://sqlalche.me/e/20/e3q8)
2026-06-19 20:04:26 - app.main - ERROR - [main.py:168] - Error fetching user profile: (sqlite3.OperationalError) no such column: user.monthly_salary
[SQL: SELECT user.id AS user_id, user.email AS user_email, user.hashed_password AS user_hashed_password, user.full_name AS user_full_name, user.monthly_salary AS user_monthly_salary, user.created_at AS user_created_at 
FROM user 
WHERE user.id = ?]
[parameters: (4,)]
(Background on this error at: https://sqlalche.me/e/20/e3q8)
2026-06-19 20:04:26 - app.main - ERROR - [main.py:262] - Error fetching expenses: (sqlite3.OperationalError) no such column: user.monthly_salary
[SQL: SELECT user.id AS user_id, user.email AS user_email, user.hashed_password AS user_hashed_password, user.full_name AS user_full_name, user.monthly_salary AS user_monthly_salary, user.created_at AS user_created_at 
FROM user 
WHERE user.id = ?]
[parameters: (4,)]
(Background on this error at: https://sqlalche.me/e/20/e3q8)
2026-06-19 20:04:26 - app.main - ERROR - [main.py:533] - HTTP Exception: 500 - Failed to fetch user profile
2026-06-19 20:04:26 - app.database - ERROR - [database.py:56] - Database session error: 500: Failed to fetch expenses
2026-06-19 20:04:26 - app.main - ERROR - [main.py:533] - HTTP Exception: 500 - Failed to fetch expenses
2026-06-19 20:04:26 - app.crud - ERROR - [crud.py:35] - Error retrieving user: (sqlite3.OperationalError) no such column: user.monthly_salary
[SQL: SELECT user.id AS user_id, user.email AS user_email, user.hashed_password AS user_hashed_password, user.full_name AS user_full_name, user.monthly_salary AS user_monthly_salary, user.created_at AS user_created_at 
FROM user 
WHERE user.id = ?]
[parameters: (4,)]
(Background on this error at: https://sqlalche.me/e/20/e3q8)
2026-06-19 20:04:26 - app.main - ERROR - [main.py:262] - Error fetching expenses: (sqlite3.OperationalError) no such column: user.monthly_salary
[SQL: SELECT user.id AS user_id, user.email AS user_email, user.hashed_password AS user_hashed_password, user.full_name AS user_full_name, user.monthly_salary AS user_monthly_salary, user.created_at AS user_created_at 
FROM user 
WHERE user.id = ?]
[parameters: (4,)]
(Background on this error at: https://sqlalche.me/e/20/e3q8)
2026-06-19 20:04:26 - app.database - ERROR - [database.py:56] - Database session error: 500: Failed to fetch expenses
2026-06-19 20:04:26 - app.main - ERROR - [main.py:533] - HTTP Exception: 500 - Failed to fetch expenses
2026-06-19 20:04:26 - app.crud - ERROR - [crud.py:35] - Error retrieving user: (sqlite3.OperationalError) no such column: user.monthly_salary
[SQL: SELECT user.id AS user_id, user.email AS user_email, user.hashed_password AS user_hashed_password, user.full_name AS user_full_name, user.monthly_salary AS user_monthly_salary, user.created_at AS user_created_at 
FROM user 
WHERE user.id = ?]
[parameters: (4,)]
(Background on this error at: https://sqlalche.me/e/20/e3q8)
2026-06-19 20:04:26 - app.main - ERROR - [main.py:168] - Error fetching user profile: (sqlite3.OperationalError) no such column: user.monthly_salary
[SQL: SELECT user.id AS user_id, user.email AS user_email, user.hashed_password AS user_hashed_password, user.full_name AS user_full_name, user.monthly_salary AS user_monthly_salary, user.created_at AS user_created_at 
FROM user 
WHERE user.id = ?]
[parameters: (4,)]
(Background on this error at: https://sqlalche.me/e/20/e3q8)
2026-06-19 20:04:26 - app.crud - ERROR - [crud.py:35] - Error retrieving user: (sqlite3.OperationalError) no such column: user.monthly_salary
[SQL: SELECT user.id AS user_id, user.email AS user_email, user.hashed_password AS user_hashed_password, user.full_name AS user_full_name, user.monthly_salary AS user_monthly_salary, user.created_at AS user_created_at 
FROM user 
WHERE user.id = ?]
[parameters: (4,)]
(Background on this error at: https://sqlalche.me/e/20/e3q8)
2026-06-19 20:04:26 - app.main - ERROR - [main.py:262] - Error fetching expenses: (sqlite3.OperationalError) no such column: user.monthly_salary
[SQL: SELECT user.id AS user_id, user.email AS user_email, user.hashed_password AS user_hashed_password, user.full_name AS user_full_name, user.monthly_salary AS user_monthly_salary, user.created_at AS user_created_at 
FROM user 
WHERE user.id = ?]
[parameters: (4,)]
(Background on this error at: https://sqlalche.me/e/20/e3q8)
2026-06-19 20:04:26 - app.main - ERROR - [main.py:533] - HTTP Exception: 500 - Failed to fetch user profile
2026-06-19 20:04:26 - app.database - ERROR - [database.py:56] - Database session error: 500: Failed to fetch expenses
2026-06-19 20:04:26 - app.main - ERROR - [main.py:533] - HTTP Exception: 500 - Failed to fetch expenses
2026-06-19 20:04:26 - app.crud - ERROR - [crud.py:35] - Error retrieving user: (sqlite3.OperationalError) no such column: user.monthly_salary
[SQL: SELECT user.id AS user_id, user.email AS user_email, user.hashed_password AS user_hashed_password, user.full_name AS user_full_name, user.monthly_salary AS user_monthly_salary, user.created_at AS user_created_at 
FROM user 
WHERE user.id = ?]
[parameters: (4,)]
(Background on this error at: https://sqlalche.me/e/20/e3q8)
2026-06-19 20:04:26 - app.main - ERROR - [main.py:262] - Error fetching expenses: (sqlite3.OperationalError) no such column: user.monthly_salary
[SQL: SELECT user.id AS user_id, user.email AS user_email, user.hashed_password AS user_hashed_password, user.full_name AS user_full_name, user.monthly_salary AS user_monthly_salary, user.created_at AS user_created_at 
FROM user 
WHERE user.id = ?]
[parameters: (4,)]
(Background on this error at: https://sqlalche.me/e/20/e3q8)
2026-06-19 20:04:26 - app.database - ERROR - [database.py:56] - Database session error: 500: Failed to fetch expenses
2026-06-19 20:04:26 - app.main - ERROR - [main.py:533] - HTTP Exception: 500 - Failed to fetch expenses
2026-06-19 20:04:58 - app.crud - ERROR - [crud.py:49] - Error retrieving user by email: (sqlite3.OperationalError) no such column: user.monthly_salary
[SQL: SELECT user.id, user.email, user.hashed_password, user.full_name, user.monthly_salary, user.created_at 
FROM user 
WHERE user.email = ?]
[parameters: ('balajir4762@gmail.com',)]
(Background on this error at: https://sqlalche.me/e/20/e3q8)
2026-06-19 20:04:58 - app.main - ERROR - [main.py:105] - Registration error: (sqlite3.OperationalError) no such column: user.monthly_salary
[SQL: SELECT user.id, user.email, user.hashed_password, user.full_name, user.monthly_salary, user.created_at 
FROM user 
WHERE user.email = ?]
[parameters: ('balajir4762@gmail.com',)]
(Background on this error at: https://sqlalche.me/e/20/e3q8)
2026-06-19 20:04:58 - app.main - ERROR - [main.py:533] - HTTP Exception: 500 - Registration failed. Please try again.
2026-06-19 20:15:03 - app.crud - ERROR - [crud.py:49] - Error retrieving user by email: (sqlite3.OperationalError) no such column: user.monthly_salary
[SQL: SELECT user.id, user.email, user.hashed_password, user.full_name, user.monthly_salary, user.created_at 
FROM user 
WHERE user.email = ?]
[parameters: ('balajir4762@gmail.com',)]
(Background on this error at: https://sqlalche.me/e/20/e3q8)
2026-06-19 20:15:03 - app.main - ERROR - [main.py:105] - Registration error: (sqlite3.OperationalError) no such column: user.monthly_salary
[SQL: SELECT user.id, user.email, user.hashed_password, user.full_name, user.monthly_salary, user.created_at 
FROM user 
WHERE user.email = ?]
[parameters: ('balajir4762@gmail.com',)]
(Background on this error at: https://sqlalche.me/e/20/e3q8)
2026-06-19 20:15:03 - app.main - ERROR - [main.py:533] - HTTP Exception: 500 - Registration failed. Please try again.
2026-06-19 20:16:42 - app.crud - ERROR - [crud.py:49] - Error retrieving user by email: (sqlite3.OperationalError) no such column: user.monthly_salary
[SQL: SELECT user.id, user.email, user.hashed_password, user.full_name, user.monthly_salary, user.created_at 
FROM user 
WHERE user.email = ?]
[parameters: ('balajir4762@gmail.com',)]
(Background on this error at: https://sqlalche.me/e/20/e3q8)
2026-06-19 20:16:42 - app.main - ERROR - [main.py:105] - Registration error: (sqlite3.OperationalError) no such column: user.monthly_salary
[SQL: SELECT user.id, user.email, user.hashed_password, user.full_name, user.monthly_salary, user.created_at 
FROM user 
WHERE user.email = ?]
[parameters: ('balajir4762@gmail.com',)]
(Background on this error at: https://sqlalche.me/e/20/e3q8)
2026-06-19 20:16:42 - app.main - ERROR - [main.py:533] - HTTP Exception: 500 - Registration failed. Please try again.
2026-06-19 20:36:43 - app.database - ERROR - [database.py:77] - Failed to delete outdated database file: [WinError 32] The process cannot access the file because it is being used by another process: 'C:\\Users\\balaj\\Downloads\\project (1)\\project\\AI Personal Finance Website\\backend\\finance.db'
2026-06-19 20:36:43 - app.database - ERROR - [database.py:97] - Failed to initialize database tables: [WinError 32] The process cannot access the file because it is being used by another process: 'C:\\Users\\balaj\\Downloads\\project (1)\\project\\AI Personal Finance Website\\backend\\finance.db'
2026-06-19 20:40:21 - app.database - ERROR - [database.py:77] - Failed to delete outdated database file: [WinError 32] The process cannot access the file because it is being used by another process: 'C:\\Users\\balaj\\Downloads\\project (1)\\project\\AI Personal Finance Website\\backend\\finance.db'
2026-06-19 20:40:21 - app.database - ERROR - [database.py:97] - Failed to initialize database tables: [WinError 32] The process cannot access the file because it is being used by another process: 'C:\\Users\\balaj\\Downloads\\project (1)\\project\\AI Personal Finance Website\\backend\\finance.db'
2026-06-19 20:40:21 - app.main - ERROR - [main.py:60] - Database initialization failed: [WinError 32] The process cannot access the file because it is being used by another process: 'C:\\Users\\balaj\\Downloads\\project (1)\\project\\AI Personal Finance Website\\backend\\finance.db'
2026-06-19 20:46:11 - app.database - ERROR - [database.py:77] - Failed to delete outdated database file: [WinError 32] The process cannot access the file because it is being used by another process: 'C:\\Users\\balaj\\Downloads\\project (1)\\project\\AI Personal Finance Website\\backend\\finance.db'
2026-06-19 20:46:11 - app.database - ERROR - [database.py:97] - Failed to initialize database tables: [WinError 32] The process cannot access the file because it is being used by another process: 'C:\\Users\\balaj\\Downloads\\project (1)\\project\\AI Personal Finance Website\\backend\\finance.db'
2026-06-19 20:57:51 - app.main - ERROR - [main.py:533] - HTTP Exception: 400 - Email already registered
2026-06-19 20:57:57 - app.main - ERROR - [main.py:533] - HTTP Exception: 401 - Incorrect email or password
2026-06-19 20:57:58 - app.main - ERROR - [main.py:533] - HTTP Exception: 401 - Incorrect email or password
